<?xml version="1.0" encoding="UTF-8"?>
<!-- Generated by org.testng.reporters.JUnitReportReporter -->
<testsuite hostname="BINTERNS-QA45L" failures="0" tests="16" name="testphhase.Homepage_testphase" time="102.181" errors="0" timestamp="2023-05-11T17:51:27 IST" skipped="0">
  <testcase classname="testphhase.Homepage_testphase" name="titleconfo" time="0.014"/>
  <system-out/>
  <testcase classname="testphhase.Homepage_testphase" name="logo" time="0.205"/>
  <system-out/>
  <testcase classname="testphhase.Homepage_testphase" name="blogmenu" time="13.302"/>
  <system-out/>
  <testcase classname="testphhase.Homepage_testphase" name="linkcountsinffoter" time="2.139"/>
  <system-out/>
  <testcase classname="testphhase.Homepage_testphase" name="pokerclick" time="9.321"/>
  <system-out/>
  <testcase classname="testphhase.Homepage_testphase" name="teenpaticlick" time="3.963"/>
  <system-out/>
  <testcase classname="testphhase.Homepage_testphase" name="rummymenu" time="9.045"/>
  <system-out/>
  <testcase classname="testphhase.Homepage_testphase" name="blackjackmenu" time="10.937"/>
  <system-out/>
  <testcase classname="testphhase.Homepage_testphase" name="contactusmenu" time="11.093"/>
  <system-out/>
  <testcase classname="testphhase.Homepage_testphase" name="eulamenu" time="6.523"/>
  <system-out/>
  <testcase classname="testphhase.Homepage_testphase" name="legalitymenu" time="5.203"/>
  <system-out/>
  <testcase classname="testphhase.Homepage_testphase" name="cookiepolicymenu" time="5.033"/>
  <system-out/>
  <testcase classname="testphhase.Homepage_testphase" name="privacypolicymenu" time="4.710"/>
  <system-out/>
  <testcase classname="testphhase.Homepage_testphase" name="Sequritymenu" time="4.812"/>
  <system-out/>
  <testcase classname="testphhase.Homepage_testphase" name="TOUmenu" time="4.952"/>
  <system-out/>
  <testcase classname="testphhase.Homepage_testphase" name="englishmenu" time="10.929"/>
  <system-out/>
</testsuite> <!-- testphhase.Homepage_testphase -->
