<?xml version="1.0" encoding="UTF-8"?>
<!-- Generated by org.testng.reporters.JUnitReportReporter -->
<testsuite skipped="0" hostname="BINTERNS-QA45L" name="testphhase.Homepage_testphase" tests="16" failures="0" timestamp="2023-05-11T15:03:05 IST" time="105.314" errors="0">
  <testcase name="titleconfo" time="0.054" classname="testphhase.Homepage_testphase"/>
  <system-out/>
  <testcase name="logo" time="0.280" classname="testphhase.Homepage_testphase"/>
  <system-out/>
  <testcase name="pokerclick" time="9.593" classname="testphhase.Homepage_testphase"/>
  <system-out/>
  <testcase name="linkcountsinffoter" time="2.097" classname="testphhase.Homepage_testphase"/>
  <system-out/>
  <testcase name="blogmenu" time="14.824" classname="testphhase.Homepage_testphase"/>
  <system-out/>
  <testcase name="teenpaticlick" time="3.609" classname="testphhase.Homepage_testphase"/>
  <system-out/>
  <testcase name="rummymenu" time="8.245" classname="testphhase.Homepage_testphase"/>
  <system-out/>
  <testcase name="blackjackmenu" time="8.911" classname="testphhase.Homepage_testphase"/>
  <system-out/>
  <testcase name="contactusmenu" time="9.960" classname="testphhase.Homepage_testphase"/>
  <system-out/>
  <testcase name="eulamenu" time="10.907" classname="testphhase.Homepage_testphase"/>
  <system-out/>
  <testcase name="legalitymenu" time="6.094" classname="testphhase.Homepage_testphase"/>
  <system-out/>
  <testcase name="cookiepolicymenu" time="5.801" classname="testphhase.Homepage_testphase"/>
  <system-out/>
  <testcase name="privacypolicymenu" time="4.369" classname="testphhase.Homepage_testphase"/>
  <system-out/>
  <testcase name="Sequritymenu" time="5.105" classname="testphhase.Homepage_testphase"/>
  <system-out/>
  <testcase name="TOUmenu" time="4.074" classname="testphhase.Homepage_testphase"/>
  <system-out/>
  <testcase name="englishmenu" time="11.391" classname="testphhase.Homepage_testphase"/>
  <system-out/>
</testsuite> <!-- testphhase.Homepage_testphase -->
